\BOOKMARK [0][-]{chapter*.2}{\376\377\000S\000e\000z\000n\000a\000m\000\040\000p\000o\000u\001\176\000i\000t\000\375\000c\000h\000\040\000s\000y\000m\000b\000o\000l\001\157\000\040\000a\000\040\000z\000k\000r\000a\000t\000e\000k}{}% 1
\BOOKMARK [0][-]{chapter*.3}{\376\377\000S\000e\000z\000n\000a\000m\000\040\000o\000b\000r\000\341\000z\000k\001\157}{}% 2
\BOOKMARK [0][-]{chapter*.4}{\376\377\000S\000e\000z\000n\000a\000m\000\040\000t\000a\000b\000u\000l\000e\000k}{}% 3
\BOOKMARK [0][-]{chapter.1}{\376\377\000\332\000v\000o\000d}{}% 4
\BOOKMARK [0][-]{chapter.2}{\376\377\000N\000o\000S\000Q\000L\000,\000\040\000K\000e\000y\000-\000v\000a\000l\000u\000e\000\040\000d\000a\000t\000a\000b\000\341\000z\000o\000v\000\351\000\040\000s\000y\000s\000t\000\351\000m\000y}{}% 5
\BOOKMARK [1][-]{section.2.1}{\376\377\000K\000e\000y\000-\000v\000a\000l\000u\000e\000\040\000d\000a\000t\000a\000b\000\341\000z\000o\000v\000\351\000\040\000s\000y\000s\000t\000\351\000m\000y}{chapter.2}% 6
\BOOKMARK [1][-]{section.2.2}{\376\377\000D\000o\000k\000u\000m\000e\000n\000t\000o\000v\000\351\000\040\000d\000a\000t\000a\000b\000\341\000z\000o\000v\000\351\000\040\000s\000y\000s\000t\000\351\000m\000y}{chapter.2}% 7
\BOOKMARK [1][-]{section.2.3}{\376\377\000S\000l\000o\000u\000p\000c\000o\000v\000\351\000\040\000d\000a\000t\000a\000b\000\341\000z\000o\000v\000\351\000\040\000s\000y\000s\000t\000\351\000m\000y}{chapter.2}% 8
\BOOKMARK [1][-]{section.2.4}{\376\377\000G\000r\000a\000f\000o\000v\000\351\000\040\000d\000a\000t\000a\000b\000\341\000z\000o\000v\000\351\000\040\000s\000y\000s\000t\000\351\000m\000y}{chapter.2}% 9
\BOOKMARK [1][-]{section.2.5}{\376\377\000V\000\375\000z\000n\000a\000m\000n\000\351\000\040\000K\000e\000y\000-\000v\000a\000l\000u\000e\000\040\000d\000a\000t\000a\000b\000\341\000z\000o\000v\000\351\000\040\000s\000y\000s\000t\000\351\000m\000y}{chapter.2}% 10
\BOOKMARK [0][-]{chapter.3}{\376\377\000P\000r\000o\000s\000t\001\131\000e\000d\000\355\000\040\000p\000r\000o\000\040\000t\000e\000s\000t\000o\000v\000\341\000n\000\355\000\040\000d\000a\000t\000a\000b\000\341\000z\000o\000v\000\375\000c\000h\000\040\000s\000y\000s\000t\000\351\000m\001\157}{}% 11
\BOOKMARK [1][-]{section.3.1}{\376\377\000Y\000C\000S\000B}{chapter.3}% 12
\BOOKMARK [1][-]{section.3.2}{\376\377\000T\000P\000C}{chapter.3}% 13
\BOOKMARK [1][-]{section.3.3}{\376\377\000R\000e\000l\000e\000v\000a\000n\000c\000e\000\040\000T\000P\000C\000\040\000a\000\040\000Y\000C\000S\000B\000\040\000p\000r\000o\000\040\000m\001\033\001\131\000e\000n\000\355\000\040\000K\000D\000B\000S}{chapter.3}% 14
\BOOKMARK [0][-]{chapter.4}{\376\377\000V\000y\000h\000o\000d\000n\000o\000c\000e\000n\000\355\000\040\000v\000\375\000s\000l\000e\000d\000k\001\157\000\040\000t\000e\000s\000t\001\157}{}% 15
\BOOKMARK [1][-]{section.4.1}{\376\377\000T\000e\000s\000t\000o\000v\000a\000c\000\355\000\040\000s\000t\000r\000o\000j}{chapter.4}% 16
\BOOKMARK [1][-]{section.4.2}{\376\377\000Z\000p\000r\000o\000v\000o\000z\000n\001\033\000n\000\355\000\040\000t\000e\000s\000t\001\157}{chapter.4}% 17
\BOOKMARK [1][-]{section.4.3}{\376\377\000P\000o\000p\000i\000s\000\040\000p\000a\000r\000a\000m\000e\000t\000r\001\157\000\040\000t\000e\000s\000t\001\157}{chapter.4}% 18
\BOOKMARK [1][-]{section.4.4}{\376\377\000S\000p\000o\000u\001\141\000t\001\033\000n\000\355\000\040\000t\000e\000s\000t\001\157}{chapter.4}% 19
\BOOKMARK [1][-]{section.4.5}{\376\377\000V\000y\000h\000o\000d\000n\000o\000c\000e\000n\000\355\000\040\000v\000\375\000s\000l\000e\000d\000k\001\157\000\040\000t\000e\000s\000t\001\157}{chapter.4}% 20
\BOOKMARK [0][-]{chapter.5}{\376\377\000Z\000\341\000v\001\033\000r}{}% 21
\BOOKMARK [0][-]{chapter*.34}{\376\377\000L\000i\000t\000e\000r\000a\000t\000u\000r\000a}{}% 22
