This is pdfTeX, Version 3.141592653-2.6-1.40.24 (MiKTeX 22.3) (preloaded format=pdflatex 2022.4.3)  2 NOV 2022 22:20
entering extended mode
 restricted \write18 enabled.
 %&-line parsing enabled.
**./Dokument.tex
(Dokument.tex
LaTeX2e <2021-11-15> patch level 1
L3 programming layer <2022-02-24>
(D:\VSBProgramFiles\MiKTeX\tex/latex/base\article.cls
Document Class: article 2021/10/04 v1.4n Standard LaTeX document class
(D:\VSBProgramFiles\MiKTeX\tex/latex/base\size10.clo
File: size10.clo 2021/10/04 v1.4n Standard LaTeX file (size option)
)
\c@part=\count185
\c@section=\count186
\c@subsection=\count187
\c@subsubsection=\count188
\c@paragraph=\count189
\c@subparagraph=\count190
\c@figure=\count191
\c@table=\count192
\abovecaptionskip=\skip47
\belowcaptionskip=\skip48
\bibindent=\dimen138
)
(D:\VSBProgramFiles\MiKTeX\tex/latex/graphics\rotating.sty
Package: rotating 2016/08/11 v2.16d rotated objects in LaTeX

(D:\VSBProgramFiles\MiKTeX\tex/latex/graphics\graphicx.sty
Package: graphicx 2021/09/16 v1.2d Enhanced LaTeX Graphics (DPC,SPQR)

(D:\VSBProgramFiles\MiKTeX\tex/latex/graphics\keyval.sty
Package: keyval 2014/10/28 v1.15 key=value parser (DPC)
\KV@toks@=\toks16
)
(D:\VSBProgramFiles\MiKTeX\tex/latex/graphics\graphics.sty
Package: graphics 2021/03/04 v1.4d Standard LaTeX Graphics (DPC,SPQR)

(D:\VSBProgramFiles\MiKTeX\tex/latex/graphics\trig.sty
Package: trig 2021/08/11 v1.11 sin cos tan (DPC)
)
(D:\VSBProgramFiles\MiKTeX\tex/latex/graphics-cfg\graphics.cfg
File: graphics.cfg 2016/06/04 v1.11 sample graphics configuration
)
Package graphics Info: Driver file: pdftex.def on input line 107.

(D:\VSBProgramFiles\MiKTeX\tex/latex/graphics-def\pdftex.def
File: pdftex.def 2020/10/05 v1.2a Graphics/color driver for pdftex
))
\Gin@req@height=\dimen139
\Gin@req@width=\dimen140
)
(D:\VSBProgramFiles\MiKTeX\tex/latex/base\ifthen.sty
Package: ifthen 2020/11/24 v1.1c Standard LaTeX ifthen package (DPC)
)
\c@r@tfl@t=\count193
\rotFPtop=\skip49
\rotFPbot=\skip50
\rot@float@box=\box50
\rot@mess@toks=\toks17
)
(D:\VSBProgramFiles\MiKTeX\tex/latex/l3backend\l3backend-pdftex.def
File: l3backend-pdftex.def 2022-02-07 L3 backend support: PDF output (pdfTeX)
\l__color_backend_stack_int=\count194
\l__pdf_internal_box=\box51
)
(Dokument.aux)
\openout1 = `Dokument.aux'.

LaTeX Font Info:    Checking defaults for OML/cmm/m/it on input line 3.
LaTeX Font Info:    ... okay on input line 3.
LaTeX Font Info:    Checking defaults for OMS/cmsy/m/n on input line 3.
LaTeX Font Info:    ... okay on input line 3.
LaTeX Font Info:    Checking defaults for OT1/cmr/m/n on input line 3.
LaTeX Font Info:    ... okay on input line 3.
LaTeX Font Info:    Checking defaults for T1/cmr/m/n on input line 3.
LaTeX Font Info:    ... okay on input line 3.
LaTeX Font Info:    Checking defaults for TS1/cmr/m/n on input line 3.
LaTeX Font Info:    ... okay on input line 3.
LaTeX Font Info:    Checking defaults for OMX/cmex/m/n on input line 3.
LaTeX Font Info:    ... okay on input line 3.
LaTeX Font Info:    Checking defaults for U/cmr/m/n on input line 3.
LaTeX Font Info:    ... okay on input line 3.
 (D:\VSBProgramFiles\MiKTeX\tex/context/base/mkii\supp-pdf.mkii
[Loading MPS to PDF converter (version 2006.09.02).]
\scratchcounter=\count195
\scratchdimen=\dimen141
\scratchbox=\box52
\nofMPsegments=\count196
\nofMParguments=\count197
\everyMPshowfont=\toks18
\MPscratchCnt=\count198
\MPscratchDim=\dimen142
\MPnumerator=\count199
\makeMPintoPDFobject=\count266
\everyMPtoPDFconversion=\toks19
) (D:\VSBProgramFiles\MiKTeX\tex/latex/epstopdf-pkg\epstopdf-base.sty
Package: epstopdf-base 2020-01-24 v2.11 Base part for package epstopdf
Package epstopdf-base Info: Redefining graphics rule for `.eps' on input line 4
85.

(D:\VSBProgramFiles\MiKTeX\tex/latex/00miktex\epstopdf-sys.cfg
File: epstopdf-sys.cfg 2021/03/18 v2.0 Configuration of epstopdf for MiKTeX
)) [1

{C:/Users/honzo/AppData/Local/MiKTeX/fonts/map/pdftex/pdftex.map}] [2]
Overfull \hbox (8.13844pt too wide) in paragraph at lines 73--74
[]\OT1/cmr/m/n/10 set^^Tr^^S^^Pzen^^Se mno^^Tziny pro vytv^^Sa^^Tren^^S^^P in-d
ex^^Wu dle ID nebo jin^^Seho ^^Tc^^S^^Pseln^^Seho atributu 
 []


Overfull \hbox (1.55626pt too wide) in paragraph at lines 81--82
[]\OT1/cmr/m/n/10 rychl^^Sa neblokuj^^S^^Pc^^S^^P se pr-votn^^S^^P syn-chro-niz
ace, au-to-mat-ick^^Se znovu p^^Tripojov^^San^^S^^P
 []

[3]
Overfull \hbox (2.55632pt too wide) in paragraph at lines 99--100
[]\OT1/cmr/m/n/10 siln^^Sy quesry jazyk, vlastn^^S^^P vytvo^^Triteln^^Se agrega
^^Tcn^^S^^P funkce po-moc^^S^^P Lua jazyku
 []

[4]
Overfull \hbox (13.6673pt too wide) in paragraph at lines 141--142
[]\OT1/cmr/m/n/10 b^^Tehem ne-jvy^^Ts^^Ts^^S^^P z^^Sat^^Te^^Tze nezhor^^Tsuje z
^^Sapis a hor-i-zont^^Saln^^S^^P ^^Tsk^^Salovatelnost, u^^Tzivatel^^Se
 []

[5]
LaTeX Font Info:    External font `cmex10' loaded for size
(Font)              <7> on input line 172.
LaTeX Font Info:    External font `cmex10' loaded for size
(Font)              <5> on input line 172.

Overfull \hbox (5.65022pt too wide) in paragraph at lines 174--174
[][]\OT1/cmr/m/n/10 Sk^^Salovatelnost| 
 []


Underfull \hbox (badness 10000) in paragraph at lines 176--176
[]\OT1/cmr/m/n/10 automatick^^Sa,
 []


Underfull \hbox (badness 1152) in paragraph at lines 176--176
\OT1/cmr/m/n/10 pln^^Te spravo-
 []


Underfull \hbox (badness 1038) in paragraph at lines 178--179
[]\OT1/cmr/m/n/10 replika je prohl^^Sa^^Tsena za
 []


Underfull \hbox (badness 3168) in paragraph at lines 180--181
[]\OT1/cmr/m/n/10 bez log^^Wu, okam^^Tzit^^Se ale
 []


Underfull \hbox (badness 1137) in paragraph at lines 182--183
[]\OT1/cmr/m/n/10 z log^^Wu (lo-gov^^San^^S^^P sni^^Tzuje
 []


Underfull \hbox (badness 1152) in paragraph at lines 184--184
[]\OT1/cmr/m/n/10 pln^^Te spravo-
 []


Underfull \hbox (badness 10000) in paragraph at lines 188--188
[]\OT1/cmr/m/n/10 horizont^^Saln^^S^^P,
 []


Underfull \hbox (badness 10000) in paragraph at lines 188--188
\OT1/cmr/m/n/10 t^^Sem^^Te^^Tr
 []


Overfull \hbox (96.23357pt too wide) in paragraph at lines 172--194
[]
 []


Underfull \hbox (badness 10000) in paragraph at lines 172--194

 []

[6]
Overfull \hbox (19.55627pt too wide) in paragraph at lines 205--206
[]\OT1/cmr/m/n/10 https://www.predictiveanalyticstoday.com/top-sql-key-value-st
ore-databases/ 
 []

[7] (Dokument.aux) ) 
Here is how much of TeX's memory you used:
 1410 strings out of 478582
 22983 string characters out of 2853256
 325825 words of memory out of 3000000
 19635 multiletter control sequences out of 15000+600000
 470804 words of font info for 33 fonts, out of 8000000 for 9000
 1141 hyphenation exceptions out of 8191
 70i,9n,76p,230b,240s stack positions out of 10000i,1000n,20000p,200000b,80000s
 <C:\Users\honzo\AppData\Local\MiKTeX\fonts/pk/ljfour/jknap
pen/ec/dpi600\tcrm1000.pk><D:/VSBProgramFiles/MiKTeX/fonts/type1/public/amsfont
s/cm/cmbx12.pfb><D:/VSBProgramFiles/MiKTeX/fonts/type1/public/amsfonts/cm/cmr10
.pfb>
Output written on Dokument.pdf (7 pages, 58656 bytes).
PDF statistics:
 41 PDF objects out of 1000 (max. 8388607)
 0 named destinations out of 1000 (max. 500000)
 1 words of extra memory for PDF output out of 10000 (max. 10000000)

